<?xml version="1.0" encoding="UTF-8"?>
<robot generator="Robot 7.4.1 (Python 3.14.2 on win32)" generated="2026-03-18T14:38:10.706718" rpa="false" schemaversion="5">
<suite id="s1" name="Permission" source="C:\Users\Chana\UAT-Test\permission.robot">
<kw name="Open Browser To Login Page" type="SETUP">
<kw name="Open Browser" owner="SeleniumLibrary">
<msg time="2026-03-18T14:38:10.953814" level="INFO">Opening browser 'Chrome' to base url 'http://localhost:3001/login'.</msg>
<arg>${LOGIN_URL}</arg>
<arg>${BROWSER}</arg>
<doc>Opens a new browser instance to the optional ``url``.</doc>
<status status="PASS" start="2026-03-18T14:38:10.953486" elapsed="1.781509"/>
</kw>
<kw name="Maximize Browser Window" owner="SeleniumLibrary">
<doc>Maximizes current browser window.</doc>
<status status="PASS" start="2026-03-18T14:38:12.735401" elapsed="0.059724"/>
</kw>
<kw name="Set Selenium Speed" owner="SeleniumLibrary">
<arg>0.5s</arg>
<doc>Sets the delay that is waited after each Selenium command.</doc>
<status status="PASS" start="2026-03-18T14:38:12.795433" elapsed="0.000391"/>
</kw>
<kw name="Capture Page Screenshot" owner="SeleniumLibrary">
<msg time="2026-03-18T14:38:13.841926" level="INFO" html="true">&lt;/td&gt;&lt;/tr&gt;&lt;tr&gt;&lt;td colspan="3"&gt;&lt;a href="suite_start.png"&gt;&lt;img src="suite_start.png" width="800px"&gt;&lt;/a&gt;</msg>
<arg>suite_start.png</arg>
<doc>Takes a screenshot of the current page and embeds it into a log file.</doc>
<status status="PASS" start="2026-03-18T14:38:12.796112" elapsed="1.045958"/>
</kw>
<status status="PASS" start="2026-03-18T14:38:10.951873" elapsed="2.890333"/>
</kw>
<test id="s1-t1" name="TC01 Non-Admin Cannot Access Incident Management" line="19">
<kw name="Login As Non-Admin">
<kw name="Go To" owner="SeleniumLibrary">
<msg time="2026-03-18T14:38:13.844911" level="INFO">Opening url 'http://localhost:3001/login'</msg>
<arg>${LOGIN_URL}</arg>
<doc>Navigates the current browser window to the provided ``url``.</doc>
<status status="PASS" start="2026-03-18T14:38:13.844676" elapsed="0.826613"/>
</kw>
<kw name="Wait Until Element Is Visible" owner="SeleniumLibrary">
<arg>id=identifier</arg>
<arg>10s</arg>
<doc>Waits until the element ``locator`` is visible.</doc>
<status status="PASS" start="2026-03-18T14:38:14.671612" elapsed="1.022696"/>
</kw>
<kw name="Clear Element Text" owner="SeleniumLibrary">
<arg>id=identifier</arg>
<doc>Clears the value of the text-input-element identified by ``locator``.</doc>
<status status="PASS" start="2026-03-18T14:38:15.694828" elapsed="1.033670"/>
</kw>
<kw name="Clear Element Text" owner="SeleniumLibrary">
<arg>id=password</arg>
<doc>Clears the value of the text-input-element identified by ``locator``.</doc>
<status status="PASS" start="2026-03-18T14:38:16.728879" elapsed="1.031868"/>
</kw>
<kw name="Input Text" owner="SeleniumLibrary">
<msg time="2026-03-18T14:38:17.761392" level="INFO">Typing text 'user_test01@example.com' into text field 'id=identifier'.</msg>
<arg>id=identifier</arg>
<arg>${USER_EMAIL}</arg>
<doc>Types the given ``text`` into the text field identified by ``locator``.</doc>
<status status="PASS" start="2026-03-18T14:38:17.761026" elapsed="1.616058"/>
</kw>
<kw name="Input Text" owner="SeleniumLibrary">
<msg time="2026-03-18T14:38:19.377875" level="INFO">Typing text '123456789' into text field 'id=password'.</msg>
<arg>id=password</arg>
<arg>${USER_PASSWORD}</arg>
<doc>Types the given ``text`` into the text field identified by ``locator``.</doc>
<status status="PASS" start="2026-03-18T14:38:19.377428" elapsed="1.566804"/>
</kw>
<kw name="Capture Page Screenshot" owner="SeleniumLibrary">
<msg time="2026-03-18T14:38:21.538743" level="INFO" html="true">&lt;/td&gt;&lt;/tr&gt;&lt;tr&gt;&lt;td colspan="3"&gt;&lt;a href="non_admin_login_filled.png"&gt;&lt;img src="non_admin_login_filled.png" width="800px"&gt;&lt;/a&gt;</msg>
<arg>non_admin_login_filled.png</arg>
<doc>Takes a screenshot of the current page and embeds it into a log file.</doc>
<status status="PASS" start="2026-03-18T14:38:20.944558" elapsed="0.594330"/>
</kw>
<kw name="Click Element" owner="SeleniumLibrary">
<msg time="2026-03-18T14:38:21.539344" level="INFO">Clicking element 'xpath=//button[@type="submit"]'.</msg>
<arg>xpath=//button[@type="submit"]</arg>
<doc>Click the element identified by ``locator``.</doc>
<status status="PASS" start="2026-03-18T14:38:21.539124" elapsed="1.057158"/>
</kw>
<kw name="Sleep" owner="BuiltIn">
<msg time="2026-03-18T14:38:24.597790" level="INFO">Slept 2 seconds.</msg>
<arg>2s</arg>
<doc>Pauses the test executed for the given time.</doc>
<status status="PASS" start="2026-03-18T14:38:22.596601" elapsed="2.001319"/>
</kw>
<kw name="Get Location" owner="SeleniumLibrary">
<msg time="2026-03-18T14:38:25.102804" level="INFO">${url} = http://localhost:3001/</msg>
<var>${url}</var>
<doc>Returns the current browser window URL.</doc>
<status status="PASS" start="2026-03-18T14:38:24.598097" elapsed="0.504796"/>
</kw>
<kw name="Should Not Contain" owner="BuiltIn">
<arg>${url}</arg>
<arg>login</arg>
<doc>Fails if ``container`` contains ``item`` one or more times.</doc>
<status status="PASS" start="2026-03-18T14:38:25.103142" elapsed="0.000714"/>
</kw>
<kw name="Capture Page Screenshot" owner="SeleniumLibrary">
<msg time="2026-03-18T14:38:25.781884" level="INFO" html="true">&lt;/td&gt;&lt;/tr&gt;&lt;tr&gt;&lt;td colspan="3"&gt;&lt;a href="non_admin_logged_in.png"&gt;&lt;img src="non_admin_logged_in.png" width="800px"&gt;&lt;/a&gt;</msg>
<arg>non_admin_logged_in.png</arg>
<doc>Takes a screenshot of the current page and embeds it into a log file.</doc>
<status status="PASS" start="2026-03-18T14:38:25.104022" elapsed="0.678000"/>
</kw>
<status status="PASS" start="2026-03-18T14:38:13.844300" elapsed="11.937849"/>
</kw>
<kw name="Go To" owner="SeleniumLibrary">
<msg time="2026-03-18T14:38:25.782631" level="INFO">Opening url 'http://localhost:3001/admin/incidents'</msg>
<arg>http://localhost:3001/admin/incidents</arg>
<doc>Navigates the current browser window to the provided ``url``.</doc>
<status status="PASS" start="2026-03-18T14:38:25.782480" elapsed="0.532213"/>
</kw>
<kw name="Verify Redirected To Home">
<kw name="Sleep" owner="BuiltIn">
<msg time="2026-03-18T14:38:28.316634" level="INFO">Slept 2 seconds.</msg>
<arg>2s</arg>
<doc>Pauses the test executed for the given time.</doc>
<status status="PASS" start="2026-03-18T14:38:26.315927" elapsed="2.000863"/>
</kw>
<kw name="Get Location" owner="SeleniumLibrary">
<msg time="2026-03-18T14:38:28.821395" level="INFO">${url} = http://localhost:3001/admin/incidents</msg>
<var>${url}</var>
<doc>Returns the current browser window URL.</doc>
<status status="PASS" start="2026-03-18T14:38:28.317012" elapsed="0.504471"/>
</kw>
<kw name="Run Keyword If" owner="BuiltIn">
<kw name="Fail" owner="BuiltIn">
<msg time="2026-03-18T14:38:28.822953" level="FAIL">SECURITY BUG: Non-admin can access http://localhost:3001/admin/incidents — no redirect occurred</msg>
<arg>SECURITY BUG: Non-admin can access ${attempted_url} — no redirect occurred</arg>
<doc>Fails the test with the given message and optionally alters its tags.</doc>
<status status="FAIL" start="2026-03-18T14:38:28.822573" elapsed="0.000589">SECURITY BUG: Non-admin can access http://localhost:3001/admin/incidents — no redirect occurred</status>
</kw>
<arg>'${url}' == '${attempted_url}'</arg>
<arg>Fail</arg>
<arg>SECURITY BUG: Non-admin can access ${attempted_url} — no redirect occurred</arg>
<doc>Runs the given keyword with the given arguments, if ``condition`` is true.</doc>
<status status="FAIL" start="2026-03-18T14:38:28.821775" elapsed="0.001475">SECURITY BUG: Non-admin can access http://localhost:3001/admin/incidents — no redirect occurred</status>
</kw>
<kw name="Should Not Contain" owner="BuiltIn">
<arg>${url}</arg>
<arg>admin</arg>
<doc>Fails if ``container`` contains ``item`` one or more times.</doc>
<status status="NOT RUN" start="2026-03-18T14:38:28.823382" elapsed="0.000033"/>
</kw>
<kw name="Log" owner="BuiltIn">
<arg>Access correctly blocked. Redirected to: ${url}</arg>
<doc>Logs the given message with the given level.</doc>
<status status="NOT RUN" start="2026-03-18T14:38:28.823516" elapsed="0.000028"/>
</kw>
<arg>http://localhost:3001/admin/incidents</arg>
<status status="FAIL" start="2026-03-18T14:38:26.315385" elapsed="2.508303">SECURITY BUG: Non-admin can access http://localhost:3001/admin/incidents — no redirect occurred</status>
</kw>
<kw name="Capture Page Screenshot" owner="SeleniumLibrary">
<arg>tc01_incidents_blocked.png</arg>
<doc>Takes a screenshot of the current page and embeds it into a log file.</doc>
<status status="NOT RUN" start="2026-03-18T14:38:28.824032" elapsed="0.000048"/>
</kw>
<doc>ทดสอบว่า user ทั่วไปเข้า /admin/incidents ไม่ได้ → redirect กลับ home</doc>
<status status="FAIL" start="2026-03-18T14:38:13.842332" elapsed="14.982360">SECURITY BUG: Non-admin can access http://localhost:3001/admin/incidents — no redirect occurred</status>
</test>
<test id="s1-t2" name="TC02 Non-Admin Cannot Access User Management" line="26">
<kw name="Go To" owner="SeleniumLibrary">
<msg time="2026-03-18T14:38:28.826496" level="INFO">Opening url 'http://localhost:3001/admin/users'</msg>
<arg>http://localhost:3001/admin/users</arg>
<doc>Navigates the current browser window to the provided ``url``.</doc>
<status status="PASS" start="2026-03-18T14:38:28.826392" elapsed="0.705479"/>
</kw>
<kw name="Verify Redirected To Home">
<kw name="Sleep" owner="BuiltIn">
<msg time="2026-03-18T14:38:31.535700" level="INFO">Slept 2 seconds.</msg>
<arg>2s</arg>
<doc>Pauses the test executed for the given time.</doc>
<status status="PASS" start="2026-03-18T14:38:29.534548" elapsed="2.001337"/>
</kw>
<kw name="Get Location" owner="SeleniumLibrary">
<msg time="2026-03-18T14:38:32.041315" level="INFO">${url} = http://localhost:3001/</msg>
<var>${url}</var>
<doc>Returns the current browser window URL.</doc>
<status status="PASS" start="2026-03-18T14:38:31.536176" elapsed="0.505225"/>
</kw>
<kw name="Run Keyword If" owner="BuiltIn">
<arg>'${url}' == '${attempted_url}'</arg>
<arg>Fail</arg>
<arg>SECURITY BUG: Non-admin can access ${attempted_url} — no redirect occurred</arg>
<doc>Runs the given keyword with the given arguments, if ``condition`` is true.</doc>
<status status="PASS" start="2026-03-18T14:38:32.041663" elapsed="0.000568"/>
</kw>
<kw name="Should Not Contain" owner="BuiltIn">
<arg>${url}</arg>
<arg>admin</arg>
<doc>Fails if ``container`` contains ``item`` one or more times.</doc>
<status status="PASS" start="2026-03-18T14:38:32.042394" elapsed="0.000334"/>
</kw>
<kw name="Log" owner="BuiltIn">
<msg time="2026-03-18T14:38:32.043121" level="INFO">Access correctly blocked. Redirected to: http://localhost:3001/</msg>
<arg>Access correctly blocked. Redirected to: ${url}</arg>
<doc>Logs the given message with the given level.</doc>
<status status="PASS" start="2026-03-18T14:38:32.042859" elapsed="0.000321"/>
</kw>
<arg>http://localhost:3001/admin/users</arg>
<status status="PASS" start="2026-03-18T14:38:29.533759" elapsed="2.509498"/>
</kw>
<kw name="Capture Page Screenshot" owner="SeleniumLibrary">
<msg time="2026-03-18T14:38:32.757753" level="INFO" html="true">&lt;/td&gt;&lt;/tr&gt;&lt;tr&gt;&lt;td colspan="3"&gt;&lt;a href="tc02_users_blocked.png"&gt;&lt;img src="tc02_users_blocked.png" width="800px"&gt;&lt;/a&gt;</msg>
<arg>tc02_users_blocked.png</arg>
<doc>Takes a screenshot of the current page and embeds it into a log file.</doc>
<status status="PASS" start="2026-03-18T14:38:32.043574" elapsed="0.714335"/>
</kw>
<doc>ทดสอบว่า user ทั่วไปเข้า /admin/users ไม่ได้ → redirect กลับ home</doc>
<status status="PASS" start="2026-03-18T14:38:28.825349" elapsed="3.933531"/>
</test>
<test id="s1-t3" name="TC03 Non-Admin Cannot Access Vehicle Management" line="32">
<kw name="Go To" owner="SeleniumLibrary">
<msg time="2026-03-18T14:38:32.762191" level="INFO">Opening url 'http://localhost:3001/admin/vehicles'</msg>
<arg>http://localhost:3001/admin/vehicles</arg>
<doc>Navigates the current browser window to the provided ``url``.</doc>
<status status="PASS" start="2026-03-18T14:38:32.761960" elapsed="0.732064"/>
</kw>
<kw name="Verify Redirected To Home">
<kw name="Sleep" owner="BuiltIn">
<msg time="2026-03-18T14:38:35.495903" level="INFO">Slept 2 seconds.</msg>
<arg>2s</arg>
<doc>Pauses the test executed for the given time.</doc>
<status status="PASS" start="2026-03-18T14:38:33.495020" elapsed="2.001045"/>
</kw>
<kw name="Get Location" owner="SeleniumLibrary">
<msg time="2026-03-18T14:38:36.001039" level="INFO">${url} = http://localhost:3001/</msg>
<var>${url}</var>
<doc>Returns the current browser window URL.</doc>
<status status="PASS" start="2026-03-18T14:38:35.496289" elapsed="0.504846"/>
</kw>
<kw name="Run Keyword If" owner="BuiltIn">
<arg>'${url}' == '${attempted_url}'</arg>
<arg>Fail</arg>
<arg>SECURITY BUG: Non-admin can access ${attempted_url} — no redirect occurred</arg>
<doc>Runs the given keyword with the given arguments, if ``condition`` is true.</doc>
<status status="PASS" start="2026-03-18T14:38:36.001454" elapsed="0.000801"/>
</kw>
<kw name="Should Not Contain" owner="BuiltIn">
<arg>${url}</arg>
<arg>admin</arg>
<doc>Fails if ``container`` contains ``item`` one or more times.</doc>
<status status="PASS" start="2026-03-18T14:38:36.002430" elapsed="0.000680"/>
</kw>
<kw name="Log" owner="BuiltIn">
<msg time="2026-03-18T14:38:36.003655" level="INFO">Access correctly blocked. Redirected to: http://localhost:3001/</msg>
<arg>Access correctly blocked. Redirected to: ${url}</arg>
<doc>Logs the given message with the given level.</doc>
<status status="PASS" start="2026-03-18T14:38:36.003316" elapsed="0.000467"/>
</kw>
<arg>http://localhost:3001/admin/vehicles</arg>
<status status="PASS" start="2026-03-18T14:38:33.494570" elapsed="2.509350"/>
</kw>
<kw name="Capture Page Screenshot" owner="SeleniumLibrary">
<msg time="2026-03-18T14:38:36.690102" level="INFO" html="true">&lt;/td&gt;&lt;/tr&gt;&lt;tr&gt;&lt;td colspan="3"&gt;&lt;a href="tc03_vehicles_blocked.png"&gt;&lt;img src="tc03_vehicles_blocked.png" width="800px"&gt;&lt;/a&gt;</msg>
<arg>tc03_vehicles_blocked.png</arg>
<doc>Takes a screenshot of the current page and embeds it into a log file.</doc>
<status status="PASS" start="2026-03-18T14:38:36.004195" elapsed="0.686062"/>
</kw>
<doc>ทดสอบว่า user ทั่วไปเข้า /admin/vehicles ไม่ได้ → redirect กลับ home</doc>
<status status="PASS" start="2026-03-18T14:38:32.760417" elapsed="3.930572"/>
</test>
<test id="s1-t4" name="TC04 Non-Admin Cannot Access Booking Management" line="38">
<kw name="Go To" owner="SeleniumLibrary">
<msg time="2026-03-18T14:38:36.692909" level="INFO">Opening url 'http://localhost:3001/admin/bookings'</msg>
<arg>http://localhost:3001/admin/bookings</arg>
<doc>Navigates the current browser window to the provided ``url``.</doc>
<status status="PASS" start="2026-03-18T14:38:36.692687" elapsed="0.707775"/>
</kw>
<kw name="Verify Redirected To Home">
<kw name="Sleep" owner="BuiltIn">
<msg time="2026-03-18T14:38:39.402440" level="INFO">Slept 2 seconds.</msg>
<arg>2s</arg>
<doc>Pauses the test executed for the given time.</doc>
<status status="PASS" start="2026-03-18T14:38:37.401474" elapsed="2.001213"/>
</kw>
<kw name="Get Location" owner="SeleniumLibrary">
<msg time="2026-03-18T14:38:39.908543" level="INFO">${url} = http://localhost:3001/</msg>
<var>${url}</var>
<doc>Returns the current browser window URL.</doc>
<status status="PASS" start="2026-03-18T14:38:39.403050" elapsed="0.505570"/>
</kw>
<kw name="Run Keyword If" owner="BuiltIn">
<arg>'${url}' == '${attempted_url}'</arg>
<arg>Fail</arg>
<arg>SECURITY BUG: Non-admin can access ${attempted_url} — no redirect occurred</arg>
<doc>Runs the given keyword with the given arguments, if ``condition`` is true.</doc>
<status status="PASS" start="2026-03-18T14:38:39.908875" elapsed="0.000674"/>
</kw>
<kw name="Should Not Contain" owner="BuiltIn">
<arg>${url}</arg>
<arg>admin</arg>
<doc>Fails if ``container`` contains ``item`` one or more times.</doc>
<status status="PASS" start="2026-03-18T14:38:39.909781" elapsed="0.000451"/>
</kw>
<kw name="Log" owner="BuiltIn">
<msg time="2026-03-18T14:38:39.910611" level="INFO">Access correctly blocked. Redirected to: http://localhost:3001/</msg>
<arg>Access correctly blocked. Redirected to: ${url}</arg>
<doc>Logs the given message with the given level.</doc>
<status status="PASS" start="2026-03-18T14:38:39.910358" elapsed="0.000304"/>
</kw>
<arg>http://localhost:3001/admin/bookings</arg>
<status status="PASS" start="2026-03-18T14:38:37.400996" elapsed="2.509742"/>
</kw>
<kw name="Capture Page Screenshot" owner="SeleniumLibrary">
<msg time="2026-03-18T14:38:40.575136" level="INFO" html="true">&lt;/td&gt;&lt;/tr&gt;&lt;tr&gt;&lt;td colspan="3"&gt;&lt;a href="tc04_bookings_blocked.png"&gt;&lt;img src="tc04_bookings_blocked.png" width="800px"&gt;&lt;/a&gt;</msg>
<arg>tc04_bookings_blocked.png</arg>
<doc>Takes a screenshot of the current page and embeds it into a log file.</doc>
<status status="PASS" start="2026-03-18T14:38:39.911375" elapsed="0.663889"/>
</kw>
<doc>ทดสอบว่า user ทั่วไปเข้า /admin/bookings ไม่ได้ → redirect กลับ home</doc>
<status status="PASS" start="2026-03-18T14:38:36.691638" elapsed="3.883934"/>
</test>
<test id="s1-t5" name="TC05 Non-Admin Cannot Access Driver Verification" line="44">
<kw name="Go To" owner="SeleniumLibrary">
<msg time="2026-03-18T14:38:40.577809" level="INFO">Opening url 'http://localhost:3001/admin/drivers'</msg>
<arg>http://localhost:3001/admin/drivers</arg>
<doc>Navigates the current browser window to the provided ``url``.</doc>
<status status="PASS" start="2026-03-18T14:38:40.577653" elapsed="0.676607"/>
</kw>
<kw name="Verify Redirected To Home">
<kw name="Sleep" owner="BuiltIn">
<msg time="2026-03-18T14:38:43.256306" level="INFO">Slept 2 seconds.</msg>
<arg>2s</arg>
<doc>Pauses the test executed for the given time.</doc>
<status status="PASS" start="2026-03-18T14:38:41.255589" elapsed="2.000944"/>
</kw>
<kw name="Get Location" owner="SeleniumLibrary">
<msg time="2026-03-18T14:38:43.762949" level="INFO">${url} = http://localhost:3001/admin/drivers</msg>
<var>${url}</var>
<doc>Returns the current browser window URL.</doc>
<status status="PASS" start="2026-03-18T14:38:43.256868" elapsed="0.506218"/>
</kw>
<kw name="Run Keyword If" owner="BuiltIn">
<kw name="Fail" owner="BuiltIn">
<msg time="2026-03-18T14:38:43.764345" level="FAIL">SECURITY BUG: Non-admin can access http://localhost:3001/admin/drivers — no redirect occurred</msg>
<arg>SECURITY BUG: Non-admin can access ${attempted_url} — no redirect occurred</arg>
<doc>Fails the test with the given message and optionally alters its tags.</doc>
<status status="FAIL" start="2026-03-18T14:38:43.763982" elapsed="0.000489">SECURITY BUG: Non-admin can access http://localhost:3001/admin/drivers — no redirect occurred</status>
</kw>
<arg>'${url}' == '${attempted_url}'</arg>
<arg>Fail</arg>
<arg>SECURITY BUG: Non-admin can access ${attempted_url} — no redirect occurred</arg>
<doc>Runs the given keyword with the given arguments, if ``condition`` is true.</doc>
<status status="FAIL" start="2026-03-18T14:38:43.763405" elapsed="0.001144">SECURITY BUG: Non-admin can access http://localhost:3001/admin/drivers — no redirect occurred</status>
</kw>
<kw name="Should Not Contain" owner="BuiltIn">
<arg>${url}</arg>
<arg>admin</arg>
<doc>Fails if ``container`` contains ``item`` one or more times.</doc>
<status status="NOT RUN" start="2026-03-18T14:38:43.764671" elapsed="0.000032"/>
</kw>
<kw name="Log" owner="BuiltIn">
<arg>Access correctly blocked. Redirected to: ${url}</arg>
<doc>Logs the given message with the given level.</doc>
<status status="NOT RUN" start="2026-03-18T14:38:43.764800" elapsed="0.000026"/>
</kw>
<arg>http://localhost:3001/admin/drivers</arg>
<status status="FAIL" start="2026-03-18T14:38:41.254899" elapsed="2.510039">SECURITY BUG: Non-admin can access http://localhost:3001/admin/drivers — no redirect occurred</status>
</kw>
<kw name="Capture Page Screenshot" owner="SeleniumLibrary">
<arg>tc05_drivers_blocked.png</arg>
<doc>Takes a screenshot of the current page and embeds it into a log file.</doc>
<status status="NOT RUN" start="2026-03-18T14:38:43.765334" elapsed="0.000061"/>
</kw>
<doc>ทดสอบว่า user ทั่วไปเข้า /admin/drivers ไม่ได้ → redirect กลับ home</doc>
<tag>bug-candidate</tag>
<status status="FAIL" start="2026-03-18T14:38:40.576161" elapsed="3.189544">SECURITY BUG: Non-admin can access http://localhost:3001/admin/drivers — no redirect occurred</status>
</test>
<test id="s1-t6" name="TC06 Non-Admin Cannot Access Blacklist Management" line="51">
<kw name="Go To" owner="SeleniumLibrary">
<msg time="2026-03-18T14:38:43.767635" level="INFO">Opening url 'http://localhost:3001/admin/blacklist'</msg>
<arg>http://localhost:3001/admin/blacklist</arg>
<doc>Navigates the current browser window to the provided ``url``.</doc>
<status status="PASS" start="2026-03-18T14:38:43.767508" elapsed="0.693855"/>
</kw>
<kw name="Verify Redirected To Home">
<kw name="Sleep" owner="BuiltIn">
<msg time="2026-03-18T14:38:46.462935" level="INFO">Slept 2 seconds.</msg>
<arg>2s</arg>
<doc>Pauses the test executed for the given time.</doc>
<status status="PASS" start="2026-03-18T14:38:44.462470" elapsed="2.000606"/>
</kw>
<kw name="Get Location" owner="SeleniumLibrary">
<msg time="2026-03-18T14:38:46.967854" level="INFO">${url} = http://localhost:3001/</msg>
<var>${url}</var>
<doc>Returns the current browser window URL.</doc>
<status status="PASS" start="2026-03-18T14:38:46.463293" elapsed="0.504634"/>
</kw>
<kw name="Run Keyword If" owner="BuiltIn">
<arg>'${url}' == '${attempted_url}'</arg>
<arg>Fail</arg>
<arg>SECURITY BUG: Non-admin can access ${attempted_url} — no redirect occurred</arg>
<doc>Runs the given keyword with the given arguments, if ``condition`` is true.</doc>
<status status="PASS" start="2026-03-18T14:38:46.968176" elapsed="0.000514"/>
</kw>
<kw name="Should Not Contain" owner="BuiltIn">
<arg>${url}</arg>
<arg>admin</arg>
<doc>Fails if ``container`` contains ``item`` one or more times.</doc>
<status status="PASS" start="2026-03-18T14:38:46.968831" elapsed="0.000325"/>
</kw>
<kw name="Log" owner="BuiltIn">
<msg time="2026-03-18T14:38:46.969503" level="INFO">Access correctly blocked. Redirected to: http://localhost:3001/</msg>
<arg>Access correctly blocked. Redirected to: ${url}</arg>
<doc>Logs the given message with the given level.</doc>
<status status="PASS" start="2026-03-18T14:38:46.969268" elapsed="0.000283"/>
</kw>
<arg>http://localhost:3001/admin/blacklist</arg>
<status status="PASS" start="2026-03-18T14:38:44.461966" elapsed="2.507660"/>
</kw>
<kw name="Capture Page Screenshot" owner="SeleniumLibrary">
<msg time="2026-03-18T14:38:47.660489" level="INFO" html="true">&lt;/td&gt;&lt;/tr&gt;&lt;tr&gt;&lt;td colspan="3"&gt;&lt;a href="tc06_blacklist_blocked.png"&gt;&lt;img src="tc06_blacklist_blocked.png" width="800px"&gt;&lt;/a&gt;</msg>
<arg>tc06_blacklist_blocked.png</arg>
<doc>Takes a screenshot of the current page and embeds it into a log file.</doc>
<status status="PASS" start="2026-03-18T14:38:46.970011" elapsed="0.690651"/>
</kw>
<doc>ทดสอบว่า user ทั่วไปเข้า /admin/blacklist ไม่ได้ → redirect กลับ home</doc>
<status status="PASS" start="2026-03-18T14:38:43.766379" elapsed="3.895540"/>
</test>
<test id="s1-t7" name="TC07 Non-Admin Cannot Access Payment Management" line="57">
<kw name="Go To" owner="SeleniumLibrary">
<msg time="2026-03-18T14:38:47.668366" level="INFO">Opening url 'http://localhost:3001/admin/payments'</msg>
<arg>http://localhost:3001/admin/payments</arg>
<doc>Navigates the current browser window to the provided ``url``.</doc>
<status status="PASS" start="2026-03-18T14:38:47.668152" elapsed="0.706014"/>
</kw>
<kw name="Verify Redirected To Home">
<kw name="Sleep" owner="BuiltIn">
<msg time="2026-03-18T14:38:50.375854" level="INFO">Slept 2 seconds.</msg>
<arg>2s</arg>
<doc>Pauses the test executed for the given time.</doc>
<status status="PASS" start="2026-03-18T14:38:48.375041" elapsed="2.001003"/>
</kw>
<kw name="Get Location" owner="SeleniumLibrary">
<msg time="2026-03-18T14:38:50.883540" level="INFO">${url} = http://localhost:3001/admin/payments</msg>
<var>${url}</var>
<doc>Returns the current browser window URL.</doc>
<status status="PASS" start="2026-03-18T14:38:50.376357" elapsed="0.507285"/>
</kw>
<kw name="Run Keyword If" owner="BuiltIn">
<kw name="Fail" owner="BuiltIn">
<msg time="2026-03-18T14:38:50.885043" level="FAIL">SECURITY BUG: Non-admin can access http://localhost:3001/admin/payments — no redirect occurred</msg>
<arg>SECURITY BUG: Non-admin can access ${attempted_url} — no redirect occurred</arg>
<doc>Fails the test with the given message and optionally alters its tags.</doc>
<status status="FAIL" start="2026-03-18T14:38:50.884694" elapsed="0.000452">SECURITY BUG: Non-admin can access http://localhost:3001/admin/payments — no redirect occurred</status>
</kw>
<arg>'${url}' == '${attempted_url}'</arg>
<arg>Fail</arg>
<arg>SECURITY BUG: Non-admin can access ${attempted_url} — no redirect occurred</arg>
<doc>Runs the given keyword with the given arguments, if ``condition`` is true.</doc>
<status status="FAIL" start="2026-03-18T14:38:50.884064" elapsed="0.001157">SECURITY BUG: Non-admin can access http://localhost:3001/admin/payments — no redirect occurred</status>
</kw>
<kw name="Should Not Contain" owner="BuiltIn">
<arg>${url}</arg>
<arg>admin</arg>
<doc>Fails if ``container`` contains ``item`` one or more times.</doc>
<status status="NOT RUN" start="2026-03-18T14:38:50.885353" elapsed="0.000031"/>
</kw>
<kw name="Log" owner="BuiltIn">
<arg>Access correctly blocked. Redirected to: ${url}</arg>
<doc>Logs the given message with the given level.</doc>
<status status="NOT RUN" start="2026-03-18T14:38:50.885486" elapsed="0.000027"/>
</kw>
<arg>http://localhost:3001/admin/payments</arg>
<status status="FAIL" start="2026-03-18T14:38:48.374653" elapsed="2.510966">SECURITY BUG: Non-admin can access http://localhost:3001/admin/payments — no redirect occurred</status>
</kw>
<kw name="Capture Page Screenshot" owner="SeleniumLibrary">
<arg>tc07_payments_blocked.png</arg>
<doc>Takes a screenshot of the current page and embeds it into a log file.</doc>
<status status="NOT RUN" start="2026-03-18T14:38:50.887003" elapsed="0.000178"/>
</kw>
<doc>ทดสอบว่า user ทั่วไปเข้า /admin/payments ไม่ได้ → redirect กลับ home</doc>
<tag>bug-candidate</tag>
<status status="FAIL" start="2026-03-18T14:38:47.664017" elapsed="3.223734">SECURITY BUG: Non-admin can access http://localhost:3001/admin/payments — no redirect occurred</status>
</test>
<test id="s1-t8" name="TC08 Non-Admin Cannot Access Admin Root" line="64">
<kw name="Go To" owner="SeleniumLibrary">
<msg time="2026-03-18T14:38:50.890177" level="INFO">Opening url 'http://localhost:3001/admin'</msg>
<arg>http://localhost:3001/admin</arg>
<doc>Navigates the current browser window to the provided ``url``.</doc>
<status status="PASS" start="2026-03-18T14:38:50.890057" elapsed="0.705316"/>
</kw>
<kw name="Verify Redirected To Home">
<kw name="Sleep" owner="BuiltIn">
<msg time="2026-03-18T14:38:53.599326" level="INFO">Slept 2 seconds.</msg>
<arg>2s</arg>
<doc>Pauses the test executed for the given time.</doc>
<status status="PASS" start="2026-03-18T14:38:51.598585" elapsed="2.000974"/>
</kw>
<kw name="Get Location" owner="SeleniumLibrary">
<msg time="2026-03-18T14:38:54.104259" level="INFO">${url} = http://localhost:3001/admin</msg>
<var>${url}</var>
<doc>Returns the current browser window URL.</doc>
<status status="PASS" start="2026-03-18T14:38:53.599950" elapsed="0.504384"/>
</kw>
<kw name="Run Keyword If" owner="BuiltIn">
<kw name="Fail" owner="BuiltIn">
<msg time="2026-03-18T14:38:54.105489" level="FAIL">SECURITY BUG: Non-admin can access http://localhost:3001/admin — no redirect occurred</msg>
<arg>SECURITY BUG: Non-admin can access ${attempted_url} — no redirect occurred</arg>
<doc>Fails the test with the given message and optionally alters its tags.</doc>
<status status="FAIL" start="2026-03-18T14:38:54.105139" elapsed="0.000445">SECURITY BUG: Non-admin can access http://localhost:3001/admin — no redirect occurred</status>
</kw>
<arg>'${url}' == '${attempted_url}'</arg>
<arg>Fail</arg>
<arg>SECURITY BUG: Non-admin can access ${attempted_url} — no redirect occurred</arg>
<doc>Runs the given keyword with the given arguments, if ``condition`` is true.</doc>
<status status="FAIL" start="2026-03-18T14:38:54.104557" elapsed="0.001107">SECURITY BUG: Non-admin can access http://localhost:3001/admin — no redirect occurred</status>
</kw>
<kw name="Should Not Contain" owner="BuiltIn">
<arg>${url}</arg>
<arg>admin</arg>
<doc>Fails if ``container`` contains ``item`` one or more times.</doc>
<status status="NOT RUN" start="2026-03-18T14:38:54.105791" elapsed="0.000031"/>
</kw>
<kw name="Log" owner="BuiltIn">
<arg>Access correctly blocked. Redirected to: ${url}</arg>
<doc>Logs the given message with the given level.</doc>
<status status="NOT RUN" start="2026-03-18T14:38:54.105921" elapsed="0.000028"/>
</kw>
<arg>http://localhost:3001/admin</arg>
<status status="FAIL" start="2026-03-18T14:38:51.597236" elapsed="2.508818">SECURITY BUG: Non-admin can access http://localhost:3001/admin — no redirect occurred</status>
</kw>
<kw name="Capture Page Screenshot" owner="SeleniumLibrary">
<arg>tc08_admin_root_blocked.png</arg>
<doc>Takes a screenshot of the current page and embeds it into a log file.</doc>
<status status="NOT RUN" start="2026-03-18T14:38:54.106443" elapsed="0.000064"/>
</kw>
<doc>ทดสอบว่า user ทั่วไปเข้า /admin ไม่ได้ → redirect กลับ home</doc>
<tag>bug-candidate</tag>
<status status="FAIL" start="2026-03-18T14:38:50.889060" elapsed="3.217748">SECURITY BUG: Non-admin can access http://localhost:3001/admin — no redirect occurred</status>
</test>
<test id="s1-t9" name="TC09 Non-Admin Can Access Own Home Page" line="71">
<kw name="Go To" owner="SeleniumLibrary">
<msg time="2026-03-18T14:38:54.108836" level="INFO">Opening url 'http://localhost:3001/'</msg>
<arg>${HOME_URL}</arg>
<doc>Navigates the current browser window to the provided ``url``.</doc>
<status status="PASS" start="2026-03-18T14:38:54.108643" elapsed="0.685525"/>
</kw>
<kw name="Sleep" owner="BuiltIn">
<msg time="2026-03-18T14:38:56.795527" level="INFO">Slept 2 seconds.</msg>
<arg>2s</arg>
<doc>Pauses the test executed for the given time.</doc>
<status status="PASS" start="2026-03-18T14:38:54.794792" elapsed="2.000923"/>
</kw>
<kw name="Get Location" owner="SeleniumLibrary">
<msg time="2026-03-18T14:38:57.300427" level="INFO">${url} = http://localhost:3001/</msg>
<var>${url}</var>
<doc>Returns the current browser window URL.</doc>
<status status="PASS" start="2026-03-18T14:38:56.796093" elapsed="0.504426"/>
</kw>
<kw name="Should Not Contain" owner="BuiltIn">
<arg>${url}</arg>
<arg>login</arg>
<doc>Fails if ``container`` contains ``item`` one or more times.</doc>
<status status="PASS" start="2026-03-18T14:38:57.301078" elapsed="0.000861"/>
</kw>
<kw name="Should Not Contain" owner="BuiltIn">
<arg>${url}</arg>
<arg>admin</arg>
<doc>Fails if ``container`` contains ``item`` one or more times.</doc>
<status status="PASS" start="2026-03-18T14:38:57.302261" elapsed="0.000314"/>
</kw>
<kw name="Capture Page Screenshot" owner="SeleniumLibrary">
<msg time="2026-03-18T14:38:57.986868" level="INFO" html="true">&lt;/td&gt;&lt;/tr&gt;&lt;tr&gt;&lt;td colspan="3"&gt;&lt;a href="tc09_user_home_accessible.png"&gt;&lt;img src="tc09_user_home_accessible.png" width="800px"&gt;&lt;/a&gt;</msg>
<arg>tc09_user_home_accessible.png</arg>
<doc>Takes a screenshot of the current page and embeds it into a log file.</doc>
<status status="PASS" start="2026-03-18T14:38:57.302814" elapsed="0.684209"/>
</kw>
<doc>ทดสอบว่า user ทั่วไปยังเข้าหน้าของตัวเองได้ปกติ</doc>
<status status="PASS" start="2026-03-18T14:38:54.107447" elapsed="3.880599"/>
</test>
<kw name="Close Browser" owner="SeleniumLibrary" type="TEARDOWN">
<doc>Closes the current browser.</doc>
<status status="PASS" start="2026-03-18T14:38:57.989366" elapsed="2.620981"/>
</kw>
<status status="FAIL" start="2026-03-18T14:38:10.708359" elapsed="49.902143"/>
</suite>
<statistics>
<total>
<stat pass="5" fail="4" skip="0">All Tests</stat>
</total>
<tag>
<stat pass="0" fail="3" skip="0">bug-candidate</stat>
</tag>
<suite>
<stat name="Permission" id="s1" pass="5" fail="4" skip="0">Permission</stat>
</suite>
</statistics>
<errors>
</errors>
</robot>
