<?xml version="1.0" encoding="UTF-8"?>
<robot generator="Robot 7.4.1 (Python 3.14.3 on win32)" generated="2026-03-05T00:12:10.946907" rpa="false" schemaversion="5">
<suite id="s1" name="Testpay" source="C:\Users\Acer\Desktop\Work\testpay\testpay.robot">
<test id="s1-t1" name="Full Booking And Payment Flow" line="11">
<kw name="Open Browser" owner="SeleniumLibrary">
<msg time="2026-03-05T00:12:11.100443" level="INFO">Opening browser 'chrome' to base url 'http://localhost:3001/login'.</msg>
<arg>${URL}</arg>
<arg>chrome</arg>
<doc>Opens a new browser instance to the optional ``url``.</doc>
<status status="PASS" start="2026-03-05T00:12:11.100242" elapsed="1.034257"/>
</kw>
<kw name="Maximize Browser Window" owner="SeleniumLibrary">
<doc>Maximizes current browser window.</doc>
<status status="PASS" start="2026-03-05T00:12:12.134966" elapsed="0.033284"/>
</kw>
<kw name="Set Selenium Timeout" owner="SeleniumLibrary">
<arg>20s</arg>
<doc>Sets the timeout that is used by various keywords.</doc>
<status status="PASS" start="2026-03-05T00:12:12.168736" elapsed="0.002011"/>
</kw>
<kw name="Wait Until Element Is Visible" owner="SeleniumLibrary">
<arg>xpath=//input[@placeholder='กรอกชื่อผู้ใช้หรืออีเมล']</arg>
<doc>Waits until the element ``locator`` is visible.</doc>
<status status="PASS" start="2026-03-05T00:12:12.171102" elapsed="0.223754"/>
</kw>
<kw name="Input Text" owner="SeleniumLibrary">
<msg time="2026-03-05T00:12:12.395453" level="INFO">Typing text 'passenger1@Gmail.com' into text field 'xpath=//input[@placeholder='กรอกชื่อผู้ใช้หรืออีเมล']'.</msg>
<arg>xpath=//input[@placeholder='กรอกชื่อผู้ใช้หรืออีเมล']</arg>
<arg>${PASSENGER_EMAIL}</arg>
<doc>Types the given ``text`` into the text field identified by ``locator``.</doc>
<status status="PASS" start="2026-03-05T00:12:12.395175" elapsed="0.073388"/>
</kw>
<kw name="Input Text" owner="SeleniumLibrary">
<msg time="2026-03-05T00:12:12.469030" level="INFO">Typing text 'Test0000' into text field 'xpath=//input[@placeholder='กรอกรหัสผ่าน']'.</msg>
<arg>xpath=//input[@placeholder='กรอกรหัสผ่าน']</arg>
<arg>${PASSWORD}</arg>
<doc>Types the given ``text`` into the text field identified by ``locator``.</doc>
<status status="PASS" start="2026-03-05T00:12:12.468822" elapsed="0.050650"/>
</kw>
<kw name="Click Element" owner="SeleniumLibrary">
<msg time="2026-03-05T00:12:12.520157" level="INFO">Clicking element 'xpath=//button[contains(.,'เข้าสู่ระบบ')]'.</msg>
<arg>xpath=//button[contains(.,'เข้าสู่ระบบ')]</arg>
<doc>Click the element identified by ``locator``.</doc>
<status status="PASS" start="2026-03-05T00:12:12.519881" elapsed="0.050421"/>
</kw>
<kw name="Sleep" owner="BuiltIn">
<msg time="2026-03-05T00:12:17.571479" level="INFO">Slept 5 seconds.</msg>
<arg>5s</arg>
<doc>Pauses the test executed for the given time.</doc>
<status status="PASS" start="2026-03-05T00:12:12.570604" elapsed="5.000977"/>
</kw>
<kw name="Click Element" owner="SeleniumLibrary">
<msg time="2026-03-05T00:12:17.573148" level="INFO">Clicking element 'xpath=//a[contains(.,'ค้นหาเส้นทาง')]'.</msg>
<msg time="2026-03-05T00:12:17.657548" level="WARN">Keyword 'Capture Page Screenshot' could not be run on failure: Message: invalid session id; For documentation on this error, please visit: https://www.selenium.dev/documentation/webdriver/troubleshooting/errors#invalidsessionidexception
Stacktrace:
Symbols not available. Dumping unresolved backtrace:
	0x7ff704d2aa55
	0x7ff704a88630
	0x7ff70481d546
	0x7ff704868113
	0x7ff7048a18e2
	0x7ff70489bb11
	0x7ff70489adc3
	0x7ff7047e6505
	0x7ff704d57810
	0x7ff704d51afd
	0x7ff704d72c1a
	0x7ff704aa3345
	0x7ff704aab81c
	0x7ff7047e536a
	0x7ff704eb2b08
	0x7ffe578ee8d7
	0x7ffe5926c40c
</msg>
<msg time="2026-03-05T00:12:17.658042" level="FAIL">InvalidSessionIdException: Message: invalid session id: session deleted as the browser has closed the connection
from disconnected: not connected to DevTools
  (Session info: chrome=145.0.7632.159); For documentation on this error, please visit: https://www.selenium.dev/documentation/webdriver/troubleshooting/errors#invalidsessionidexception
Stacktrace:
Symbols not available. Dumping unresolved backtrace:
	0x7ff704d2aa55
	0x7ff704a88630
	0x7ff70481d75d
	0x7ff704808c72
	0x7ff70482f015
	0x7ff7048a90e0
	0x7ff7048c5282
	0x7ff704869098
	0x7ff704869f83
	0x7ff704d57810
	0x7ff704d51afd
	0x7ff704d72c1a
	0x7ff704aa3345
	0x7ff704aab81c
	0x7ff704a91924
	0x7ff704a91ad6
	0x7ff704a77e47
	0x7ffe578ee8d7
	0x7ffe5926c40c
</msg>
<arg>xpath=//a[contains(.,'ค้นหาเส้นทาง')]</arg>
<doc>Click the element identified by ``locator``.</doc>
<status status="FAIL" start="2026-03-05T00:12:17.572947" elapsed="0.087817">InvalidSessionIdException: Message: invalid session id: session deleted as the browser has closed the connection
from disconnected: not connected to DevTools
  (Session info: chrome=145.0.7632.159); For documentation on this error, please visit: https://www.selenium.dev/documentation/webdriver/troubleshooting/errors#invalidsessionidexception
Stacktrace:
Symbols not available. Dumping unresolved backtrace:
	0x7ff704d2aa55
	0x7ff704a88630
	0x7ff70481d75d
	0x7ff704808c72
	0x7ff70482f015
	0x7ff7048a90e0
	0x7ff7048c5282
	0x7ff704869098
	0x7ff704869f83
	0x7ff704d57810
	0x7ff704d51afd
	0x7ff704d72c1a
	0x7ff704aa3345
	0x7ff704aab81c
	0x7ff704a91924
	0x7ff704a91ad6
	0x7ff704a77e47
	0x7ffe578ee8d7
	0x7ffe5926c40c
</status>
</kw>
<kw name="Wait Until Location Contains" owner="SeleniumLibrary">
<arg>findTrip</arg>
<doc>Waits until the current URL contains ``expected``.</doc>
<status status="NOT RUN" start="2026-03-05T00:12:17.661092" elapsed="0.000036"/>
</kw>
<kw name="Sleep" owner="BuiltIn">
<arg>7s</arg>
<doc>Pauses the test executed for the given time.</doc>
<status status="NOT RUN" start="2026-03-05T00:12:17.661299" elapsed="0.000022"/>
</kw>
<kw name="Click Element" owner="SeleniumLibrary">
<arg>xpath=//div[contains(.,'driver test')]</arg>
<doc>Click the element identified by ``locator``.</doc>
<status status="NOT RUN" start="2026-03-05T00:12:17.661422" elapsed="0.000017"/>
</kw>
<kw name="Sleep" owner="BuiltIn">
<arg>1s</arg>
<doc>Pauses the test executed for the given time.</doc>
<status status="NOT RUN" start="2026-03-05T00:12:17.661524" elapsed="0.000016"/>
</kw>
<kw name="Click Element" owner="SeleniumLibrary">
<arg>xpath=//button[contains(.,'จองที่นั่ง')]</arg>
<doc>Click the element identified by ``locator``.</doc>
<status status="NOT RUN" start="2026-03-05T00:12:17.661621" elapsed="0.000015"/>
</kw>
<kw name="Wait Until Element Is Visible" owner="SeleniumLibrary">
<arg>xpath=//input[@placeholder='จุดขึ้นรถ']</arg>
<arg>20s</arg>
<doc>Waits until the element ``locator`` is visible.</doc>
<status status="NOT RUN" start="2026-03-05T00:12:17.661716" elapsed="0.000015"/>
</kw>
<status status="FAIL" start="2026-03-05T00:12:11.098573" elapsed="6.563356">InvalidSessionIdException: Message: invalid session id: session deleted as the browser has closed the connection
from disconnected: not connected to DevTools
  (Session info: chrome=145.0.7632.159); For documentation on this error, please visit: https://www.selenium.dev/documentation/webdriver/troubleshooting/errors#invalidsessionidexception
Stacktrace:
Symbols not available. Dumping unresolved backtrace:
	0x7ff704d2aa55
	0x7ff704a88630
	0x7ff70481d75d
	0x7ff704808c72
	0x7ff70482f015
	0x7ff7048a90e0
	0x7ff7048c5282
	0x7ff704869098
	0x7ff704869f83
	0x7ff704d57810
	0x7ff704d51afd
	0x7ff704d72c1a
	0x7ff704aa3345
	0x7ff704aab81c
	0x7ff704a91924
	0x7ff704a91ad6
	0x7ff704a77e47
	0x7ffe578ee8d7
	0x7ffe5926c40c
</status>
</test>
<test id="s1-t2" name="Click Element" line="39">
<kw name="xpath=//input[@placeholder='จุดขึ้นรถ']">
<msg time="2026-03-05T00:12:17.663116" level="FAIL">No keyword with name 'xpath=//input[@placeholder='จุดขึ้นรถ']' found.</msg>
<status status="FAIL" start="2026-03-05T00:12:17.663080" elapsed="0.000083">No keyword with name 'xpath=//input[@placeholder='จุดขึ้นรถ']' found.</status>
</kw>
<status status="FAIL" start="2026-03-05T00:12:17.662211" elapsed="0.001103">No keyword with name 'xpath=//input[@placeholder='จุดขึ้นรถ']' found.</status>
</test>
<test id="s1-t3" name="Input Text" line="40">
<kw name="xpath=//input[@placeholder='จุดขึ้นรถ']">
<msg time="2026-03-05T00:12:17.664552" level="FAIL">No keyword with name 'xpath=//input[@placeholder='จุดขึ้นรถ']' found.</msg>
<arg>มหาวิทยาลัยขอนแก่น</arg>
<status status="FAIL" start="2026-03-05T00:12:17.664503" elapsed="0.000091">No keyword with name 'xpath=//input[@placeholder='จุดขึ้นรถ']' found.</status>
</kw>
<status status="FAIL" start="2026-03-05T00:12:17.663546" elapsed="0.001233">No keyword with name 'xpath=//input[@placeholder='จุดขึ้นรถ']' found.</status>
</test>
<test id="s1-t4" name="Sleep" line="41">
<kw name="2s">
<msg time="2026-03-05T00:12:17.665684" level="FAIL">No keyword with name '2s' found.</msg>
<status status="FAIL" start="2026-03-05T00:12:17.665657" elapsed="0.000051">No keyword with name '2s' found.</status>
</kw>
<status status="FAIL" start="2026-03-05T00:12:17.664992" elapsed="0.000869">No keyword with name '2s' found.</status>
</test>
<test id="s1-t5" name="Press Keys" line="42">
<kw name="None">
<msg time="2026-03-05T00:12:17.666748" level="FAIL">No keyword with name 'None' found.</msg>
<arg>ARROW_DOWN</arg>
<status status="FAIL" start="2026-03-05T00:12:17.666723" elapsed="0.000049">No keyword with name 'None' found.</status>
</kw>
<status status="FAIL" start="2026-03-05T00:12:17.666060" elapsed="0.000878">No keyword with name 'None' found.</status>
</test>
<test id="s1-t6" name="Press Keys" line="43">
<kw name="None">
<msg time="2026-03-05T00:12:17.667943" level="FAIL">No keyword with name 'None' found.</msg>
<arg>ENTER</arg>
<status status="FAIL" start="2026-03-05T00:12:17.667920" elapsed="0.000046">No keyword with name 'None' found.</status>
</kw>
<kw name="Click Element" owner="SeleniumLibrary">
<arg>xpath=//button[contains(.,'ยืนยันการจอง')]</arg>
<doc>Click the element identified by ``locator``.</doc>
<status status="NOT RUN" start="2026-03-05T00:12:17.668132" elapsed="0.000023"/>
</kw>
<kw name="Sleep" owner="BuiltIn">
<arg>2s</arg>
<doc>Pauses the test executed for the given time.</doc>
<status status="NOT RUN" start="2026-03-05T00:12:17.668268" elapsed="0.000019"/>
</kw>
<kw name="Click Element" owner="SeleniumLibrary">
<arg>xpath=//div[contains(@class,'dropdown-trigger')]</arg>
<doc>Click the element identified by ``locator``.</doc>
<status status="NOT RUN" start="2026-03-05T00:12:17.668375" elapsed="0.000016"/>
</kw>
<kw name="Click Element" owner="SeleniumLibrary">
<arg>xpath=//button[contains(.,'Logout')]</arg>
<doc>Click the element identified by ``locator``.</doc>
<status status="NOT RUN" start="2026-03-05T00:12:17.668471" elapsed="0.000014"/>
</kw>
<kw name="Wait Until Element Is Visible" owner="SeleniumLibrary">
<arg>xpath=//button[contains(.,'เข้าสู่ระบบ')]</arg>
<doc>Waits until the element ``locator`` is visible.</doc>
<status status="NOT RUN" start="2026-03-05T00:12:17.668563" elapsed="0.000014"/>
</kw>
<kw name="Input Text" owner="SeleniumLibrary">
<arg>xpath=//input[@placeholder='กรอกชื่อผู้ใช้หรืออีเมล']</arg>
<arg>${DRIVER_EMAIL}</arg>
<doc>Types the given ``text`` into the text field identified by ``locator``.</doc>
<status status="NOT RUN" start="2026-03-05T00:12:17.668657" elapsed="0.000015"/>
</kw>
<kw name="Input Text" owner="SeleniumLibrary">
<arg>xpath=//input[@placeholder='กรอกรหัสผ่าน']</arg>
<arg>${PASSWORD}</arg>
<doc>Types the given ``text`` into the text field identified by ``locator``.</doc>
<status status="NOT RUN" start="2026-03-05T00:12:17.668751" elapsed="0.000015"/>
</kw>
<kw name="Click Element" owner="SeleniumLibrary">
<arg>xpath=//button[contains(.,'เข้าสู่ระบบ')]</arg>
<doc>Click the element identified by ``locator``.</doc>
<status status="NOT RUN" start="2026-03-05T00:12:17.668846" elapsed="0.000014"/>
</kw>
<kw name="Sleep" owner="BuiltIn">
<arg>2s</arg>
<doc>Pauses the test executed for the given time.</doc>
<status status="NOT RUN" start="2026-03-05T00:12:17.668983" elapsed="0.000016"/>
</kw>
<kw name="Click Element" owner="SeleniumLibrary">
<arg>xpath=//div[contains(@class,'dropdown-trigger')]</arg>
<doc>Click the element identified by ``locator``.</doc>
<status status="NOT RUN" start="2026-03-05T00:12:17.669077" elapsed="0.000014"/>
</kw>
<kw name="Click Element" owner="SeleniumLibrary">
<arg>xpath=//a[contains(.,'คำขอจองเส้นทางของฉัน')]</arg>
<doc>Click the element identified by ``locator``.</doc>
<status status="NOT RUN" start="2026-03-05T00:12:17.669168" elapsed="0.000013"/>
</kw>
<kw name="Wait Until Location Contains" owner="SeleniumLibrary">
<arg>myRoute</arg>
<doc>Waits until the current URL contains ``expected``.</doc>
<status status="NOT RUN" start="2026-03-05T00:12:17.669257" elapsed="0.000015"/>
</kw>
<kw name="Click Element" owner="SeleniumLibrary">
<arg>xpath=(//button[contains(.,'ยืนยันคำขอ')])[1]</arg>
<doc>Click the element identified by ``locator``.</doc>
<status status="NOT RUN" start="2026-03-05T00:12:17.669348" elapsed="0.000014"/>
</kw>
<kw name="Wait Until Element Is Visible" owner="SeleniumLibrary">
<arg>xpath=//button[contains(.,'ยืนยันคำขอ')]</arg>
<doc>Waits until the element ``locator`` is visible.</doc>
<status status="NOT RUN" start="2026-03-05T00:12:17.669442" elapsed="0.000014"/>
</kw>
<kw name="Click Element" owner="SeleniumLibrary">
<arg>xpath=//button[contains(.,'ยืนยันคำขอ')]</arg>
<doc>Click the element identified by ``locator``.</doc>
<status status="NOT RUN" start="2026-03-05T00:12:17.669533" elapsed="0.000013"/>
</kw>
<kw name="Sleep" owner="BuiltIn">
<arg>2s</arg>
<doc>Pauses the test executed for the given time.</doc>
<status status="NOT RUN" start="2026-03-05T00:12:17.669622" elapsed="0.000014"/>
</kw>
<kw name="Click Element" owner="SeleniumLibrary">
<arg>xpath=//div[contains(@class,'dropdown-trigger')]</arg>
<doc>Click the element identified by ``locator``.</doc>
<status status="NOT RUN" start="2026-03-05T00:12:17.669758" elapsed="0.000013"/>
</kw>
<kw name="Click Element" owner="SeleniumLibrary">
<arg>xpath=//button[contains(.,'Logout')]</arg>
<doc>Click the element identified by ``locator``.</doc>
<status status="NOT RUN" start="2026-03-05T00:12:17.670292" elapsed="0.000019"/>
</kw>
<kw name="Wait Until Element Is Visible" owner="SeleniumLibrary">
<arg>xpath=//button[contains(.,'เข้าสู่ระบบ')]</arg>
<doc>Waits until the element ``locator`` is visible.</doc>
<status status="NOT RUN" start="2026-03-05T00:12:17.670402" elapsed="0.000014"/>
</kw>
<kw name="Input Text" owner="SeleniumLibrary">
<arg>xpath=//input[@placeholder='กรอกชื่อผู้ใช้หรืออีเมล']</arg>
<arg>${PASSENGER_EMAIL}</arg>
<doc>Types the given ``text`` into the text field identified by ``locator``.</doc>
<status status="NOT RUN" start="2026-03-05T00:12:17.670496" elapsed="0.000014"/>
</kw>
<kw name="Input Text" owner="SeleniumLibrary">
<arg>xpath=//input[@placeholder='กรอกรหัสผ่าน']</arg>
<arg>${PASSWORD}</arg>
<doc>Types the given ``text`` into the text field identified by ``locator``.</doc>
<status status="NOT RUN" start="2026-03-05T00:12:17.670590" elapsed="0.000014"/>
</kw>
<kw name="Click Element" owner="SeleniumLibrary">
<arg>xpath=//button[contains(.,'เข้าสู่ระบบ')]</arg>
<doc>Click the element identified by ``locator``.</doc>
<status status="NOT RUN" start="2026-03-05T00:12:17.670685" elapsed="0.000013"/>
</kw>
<kw name="Sleep" owner="BuiltIn">
<arg>2s</arg>
<doc>Pauses the test executed for the given time.</doc>
<status status="NOT RUN" start="2026-03-05T00:12:17.670788" elapsed="0.000016"/>
</kw>
<kw name="Click Element" owner="SeleniumLibrary">
<arg>xpath=//a[contains(.,'การเดินทางของฉัน')]</arg>
<doc>Click the element identified by ``locator``.</doc>
<status status="NOT RUN" start="2026-03-05T00:12:17.670883" elapsed="0.000015"/>
</kw>
<kw name="Click Element" owner="SeleniumLibrary">
<arg>xpath=//button[contains(.,'ยืนยันแล้ว')]</arg>
<doc>Click the element identified by ``locator``.</doc>
<status status="NOT RUN" start="2026-03-05T00:12:17.671021" elapsed="0.000014"/>
</kw>
<kw name="Click Element" owner="SeleniumLibrary">
<arg>xpath=(//button[contains(.,'ชำระเงิน')])[1]</arg>
<doc>Click the element identified by ``locator``.</doc>
<status status="NOT RUN" start="2026-03-05T00:12:17.671112" elapsed="0.000013"/>
</kw>
<kw name="Wait Until Location Contains" owner="SeleniumLibrary">
<arg>payment</arg>
<doc>Waits until the current URL contains ``expected``.</doc>
<status status="NOT RUN" start="2026-03-05T00:12:17.671201" elapsed="0.000015"/>
</kw>
<kw name="Click Element" owner="SeleniumLibrary">
<arg>xpath=//label[contains(.,'เงินสด')]</arg>
<doc>Click the element identified by ``locator``.</doc>
<status status="NOT RUN" start="2026-03-05T00:12:17.671293" elapsed="0.000014"/>
</kw>
<kw name="Click Element" owner="SeleniumLibrary">
<arg>xpath=//button[contains(.,'ดำเนินการต่อ')]</arg>
<doc>Click the element identified by ``locator``.</doc>
<status status="NOT RUN" start="2026-03-05T00:12:17.671384" elapsed="0.000013"/>
</kw>
<kw name="Wait Until Element Is Visible" owner="SeleniumLibrary">
<arg>xpath=//button[contains(.,'ยืนยันจ่ายเงินสดแล้ว')]</arg>
<doc>Waits until the element ``locator`` is visible.</doc>
<status status="NOT RUN" start="2026-03-05T00:12:17.671473" elapsed="0.000014"/>
</kw>
<kw name="Click Element" owner="SeleniumLibrary">
<arg>xpath=//button[contains(.,'ยืนยันจ่ายเงินสดแล้ว')]</arg>
<doc>Click the element identified by ``locator``.</doc>
<status status="NOT RUN" start="2026-03-05T00:12:17.671562" elapsed="0.000013"/>
</kw>
<kw name="Sleep" owner="BuiltIn">
<arg>2s</arg>
<doc>Pauses the test executed for the given time.</doc>
<status status="NOT RUN" start="2026-03-05T00:12:17.671649" elapsed="0.000015"/>
</kw>
<kw name="Click Element" owner="SeleniumLibrary">
<arg>xpath=//div[contains(@class,'dropdown-trigger')]</arg>
<doc>Click the element identified by ``locator``.</doc>
<status status="NOT RUN" start="2026-03-05T00:12:17.671785" elapsed="0.000013"/>
</kw>
<kw name="Click Element" owner="SeleniumLibrary">
<arg>xpath=//button[contains(.,'Logout')]</arg>
<doc>Click the element identified by ``locator``.</doc>
<status status="NOT RUN" start="2026-03-05T00:12:17.671872" elapsed="0.000014"/>
</kw>
<kw name="Wait Until Element Is Visible" owner="SeleniumLibrary">
<arg>xpath=//button[contains(.,'เข้าสู่ระบบ')]</arg>
<doc>Waits until the element ``locator`` is visible.</doc>
<status status="NOT RUN" start="2026-03-05T00:12:17.671962" elapsed="0.000014"/>
</kw>
<kw name="Input Text" owner="SeleniumLibrary">
<arg>xpath=//input[@placeholder='กรอกชื่อผู้ใช้หรืออีเมล']</arg>
<arg>${DRIVER_EMAIL}</arg>
<doc>Types the given ``text`` into the text field identified by ``locator``.</doc>
<status status="NOT RUN" start="2026-03-05T00:12:17.672050" elapsed="0.000013"/>
</kw>
<kw name="Input Text" owner="SeleniumLibrary">
<arg>xpath=//input[@placeholder='กรอกรหัสผ่าน']</arg>
<arg>${PASSWORD}</arg>
<doc>Types the given ``text`` into the text field identified by ``locator``.</doc>
<status status="NOT RUN" start="2026-03-05T00:12:17.672140" elapsed="0.000013"/>
</kw>
<kw name="Click Element" owner="SeleniumLibrary">
<arg>xpath=//button[contains(.,'เข้าสู่ระบบ')]</arg>
<doc>Click the element identified by ``locator``.</doc>
<status status="NOT RUN" start="2026-03-05T00:12:17.672230" elapsed="0.000014"/>
</kw>
<kw name="Sleep" owner="BuiltIn">
<arg>2s</arg>
<doc>Pauses the test executed for the given time.</doc>
<status status="NOT RUN" start="2026-03-05T00:12:17.672318" elapsed="0.000015"/>
</kw>
<kw name="Click Element" owner="SeleniumLibrary">
<arg>xpath=//div[contains(@class,'dropdown-trigger')]</arg>
<doc>Click the element identified by ``locator``.</doc>
<status status="NOT RUN" start="2026-03-05T00:12:17.672407" elapsed="0.000014"/>
</kw>
<kw name="Click Element" owner="SeleniumLibrary">
<arg>xpath=//a[contains(.,'การเดินทางทั้งหมด')]</arg>
<doc>Click the element identified by ``locator``.</doc>
<status status="NOT RUN" start="2026-03-05T00:12:17.672540" elapsed="0.000015"/>
</kw>
<kw name="Wait Until Location Contains" owner="SeleniumLibrary">
<arg>myRoute</arg>
<doc>Waits until the current URL contains ``expected``.</doc>
<status status="NOT RUN" start="2026-03-05T00:12:17.672631" elapsed="0.000013"/>
</kw>
<kw name="Click Element" owner="SeleniumLibrary">
<arg>xpath=(//button[contains(.,'ตรวจสอบการชำระ')])[1]</arg>
<doc>Click the element identified by ``locator``.</doc>
<status status="NOT RUN" start="2026-03-05T00:12:17.672718" elapsed="0.000014"/>
</kw>
<kw name="Wait Until Element Is Visible" owner="SeleniumLibrary">
<arg>xpath=(//button[contains(.,'ยืนยันการชำระ')])[1]</arg>
<doc>Waits until the element ``locator`` is visible.</doc>
<status status="NOT RUN" start="2026-03-05T00:12:17.672806" elapsed="0.000014"/>
</kw>
<kw name="Click Element" owner="SeleniumLibrary">
<arg>xpath=(//button[contains(.,'ยืนยันการชำระ')])[1]</arg>
<doc>Click the element identified by ``locator``.</doc>
<status status="NOT RUN" start="2026-03-05T00:12:17.672896" elapsed="0.000013"/>
</kw>
<kw name="Sleep" owner="BuiltIn">
<arg>2s</arg>
<doc>Pauses the test executed for the given time.</doc>
<status status="NOT RUN" start="2026-03-05T00:12:17.672982" elapsed="0.000014"/>
</kw>
<kw name="Close Browser" owner="SeleniumLibrary">
<doc>Closes the current browser.</doc>
<status status="NOT RUN" start="2026-03-05T00:12:17.673068" elapsed="0.000014"/>
</kw>
<status status="FAIL" start="2026-03-05T00:12:17.667137" elapsed="0.006047">No keyword with name 'None' found.</status>
</test>
<status status="FAIL" start="2026-03-05T00:12:10.948058" elapsed="6.725397"/>
</suite>
<statistics>
<total>
<stat pass="0" fail="6" skip="0">All Tests</stat>
</total>
<tag>
</tag>
<suite>
<stat name="Testpay" id="s1" pass="0" fail="6" skip="0">Testpay</stat>
</suite>
</statistics>
<errors>
<msg time="2026-03-05T00:12:17.657548" level="WARN">Keyword 'Capture Page Screenshot' could not be run on failure: Message: invalid session id; For documentation on this error, please visit: https://www.selenium.dev/documentation/webdriver/troubleshooting/errors#invalidsessionidexception
Stacktrace:
Symbols not available. Dumping unresolved backtrace:
	0x7ff704d2aa55
	0x7ff704a88630
	0x7ff70481d546
	0x7ff704868113
	0x7ff7048a18e2
	0x7ff70489bb11
	0x7ff70489adc3
	0x7ff7047e6505
	0x7ff704d57810
	0x7ff704d51afd
	0x7ff704d72c1a
	0x7ff704aa3345
	0x7ff704aab81c
	0x7ff7047e536a
	0x7ff704eb2b08
	0x7ffe578ee8d7
	0x7ffe5926c40c
</msg>
<msg time="2026-03-05T00:12:17.667211" level="WARN">Multiple tests with name 'Press Keys' executed in suite 'Testpay'.</msg>
</errors>
</robot>
